<?xml version="1.0" encoding="UTF-8"?>
<!-- Generated by org.testng.reporters.JUnitReportReporter -->
<testsuite hostname="C_Name" failures="0" tests="1" name="com.tests.Tc_Login" time="56.355" errors="0" timestamp="2023-02-22T22:51:13 IST" skipped="0">
  <testcase classname="com.tests.Tc_Login" name="login_Test" time="56.355"/>
  <system-out/>
</testsuite> <!-- com.tests.Tc_Login -->
